2017-05-02 15:10:25,714 INFO Visiting episode 1 http://gameofthrones.wikia.com/Winter_is_Coming_(episode)
2017-05-02 15:10:25,952 INFO Robert has appeared: 18 time(s)
2017-05-02 15:10:25,952 INFO Jon has appeared: 21 time(s)
2017-05-02 15:10:25,952 INFO Arya has appeared: 2 time(s)
2017-05-02 15:10:25,953 INFO Cersei has appeared: 8 time(s)
2017-05-02 15:10:25,953 INFO Jaime has appeared: 9 time(s)
2017-05-02 15:10:25,953 INFO Tyrion has appeared: 11 time(s)
2017-05-02 15:10:25,953 INFO Daenerys has appeared: 14 time(s)
2017-05-02 15:10:25,953 INFO Petyr has appeared: 0 time(s)
2017-05-02 15:10:25,953 INFO Jaqen has appeared: 0 time(s)
2017-05-02 15:10:25,953 INFO Hodor has appeared: 0 time(s)
2017-05-02 15:10:25,971 INFO Visiting episode 2 http://gameofthrones.wikia.com/wiki/The_Kingsroad
2017-05-02 15:10:26,095 INFO Robert has appeared: 10 time(s)
2017-05-02 15:10:26,095 INFO Jon has appeared: 17 time(s)
2017-05-02 15:10:26,095 INFO Arya has appeared: 13 time(s)
2017-05-02 15:10:26,096 INFO Cersei has appeared: 5 time(s)
2017-05-02 15:10:26,096 INFO Jaime has appeared: 2 time(s)
2017-05-02 15:10:26,096 INFO Tyrion has appeared: 18 time(s)
2017-05-02 15:10:26,096 INFO Daenerys has appeared: 6 time(s)
2017-05-02 15:10:26,096 INFO Petyr has appeared: 0 time(s)
2017-05-02 15:10:26,096 INFO Jaqen has appeared: 0 time(s)
2017-05-02 15:10:26,096 INFO Hodor has appeared: 0 time(s)
2017-05-02 15:10:26,112 INFO Visiting episode 3 http://gameofthrones.wikia.com/wiki/Lord_Snow
2017-05-02 15:10:26,210 INFO Robert has appeared: 6 time(s)
2017-05-02 15:10:26,210 INFO Jon has appeared: 11 time(s)
2017-05-02 15:10:26,210 INFO Arya has appeared: 6 time(s)
2017-05-02 15:10:26,210 INFO Cersei has appeared: 13 time(s)
2017-05-02 15:10:26,210 INFO Jaime has appeared: 16 time(s)
2017-05-02 15:10:26,210 INFO Tyrion has appeared: 10 time(s)
2017-05-02 15:10:26,210 INFO Daenerys has appeared: 8 time(s)
2017-05-02 15:10:26,210 INFO Petyr has appeared: 1 time(s)
2017-05-02 15:10:26,210 INFO Jaqen has appeared: 0 time(s)
2017-05-02 15:10:26,211 INFO Hodor has appeared: 0 time(s)
2017-05-02 15:10:26,226 INFO Visiting episode 4 http://gameofthrones.wikia.com/wiki/Cripples,_Bastards_and_Broken_Things
2017-05-02 15:10:26,321 INFO Robert has appeared: 1 time(s)
2017-05-02 15:10:26,321 INFO Jon has appeared: 9 time(s)
2017-05-02 15:10:26,321 INFO Arya has appeared: 6 time(s)
2017-05-02 15:10:26,321 INFO Cersei has appeared: 5 time(s)
2017-05-02 15:10:26,321 INFO Jaime has appeared: 0 time(s)
2017-05-02 15:10:26,321 INFO Tyrion has appeared: 16 time(s)
2017-05-02 15:10:26,321 INFO Daenerys has appeared: 6 time(s)
2017-05-02 15:10:26,321 INFO Petyr has appeared: 1 time(s)
2017-05-02 15:10:26,321 INFO Jaqen has appeared: 0 time(s)
2017-05-02 15:10:26,321 INFO Hodor has appeared: 0 time(s)
2017-05-02 15:10:26,336 INFO Visiting episode 5 http://gameofthrones.wikia.com/wiki/The_Wolf_and_the_Lion
2017-05-02 15:10:26,436 INFO Robert has appeared: 29 time(s)
2017-05-02 15:10:26,436 INFO Jon has appeared: 6 time(s)
2017-05-02 15:10:26,436 INFO Arya has appeared: 6 time(s)
2017-05-02 15:10:26,436 INFO Cersei has appeared: 8 time(s)
2017-05-02 15:10:26,436 INFO Jaime has appeared: 10 time(s)
2017-05-02 15:10:26,436 INFO Tyrion has appeared: 16 time(s)
2017-05-02 15:10:26,436 INFO Daenerys has appeared: 4 time(s)
2017-05-02 15:10:26,436 INFO Petyr has appeared: 1 time(s)
2017-05-02 15:10:26,437 INFO Jaqen has appeared: 0 time(s)
2017-05-02 15:10:26,437 INFO Hodor has appeared: 0 time(s)
2017-05-02 15:10:26,453 INFO Visiting episode 6 http://gameofthrones.wikia.com/wiki/A_Golden_Crown
2017-05-02 15:10:26,549 INFO Robert has appeared: 17 time(s)
2017-05-02 15:10:26,549 INFO Jon has appeared: 2 time(s)
2017-05-02 15:10:26,549 INFO Arya has appeared: 6 time(s)
2017-05-02 15:10:26,549 INFO Cersei has appeared: 5 time(s)
2017-05-02 15:10:26,549 INFO Jaime has appeared: 3 time(s)
2017-05-02 15:10:26,549 INFO Tyrion has appeared: 13 time(s)
2017-05-02 15:10:26,549 INFO Daenerys has appeared: 15 time(s)
2017-05-02 15:10:26,549 INFO Petyr has appeared: 1 time(s)
2017-05-02 15:10:26,550 INFO Jaqen has appeared: 0 time(s)
2017-05-02 15:10:26,550 INFO Hodor has appeared: 1 time(s)
2017-05-02 15:10:26,565 INFO Visiting episode 7 http://gameofthrones.wikia.com/wiki/You_Win_or_You_Die
2017-05-02 15:10:26,659 INFO Robert has appeared: 10 time(s)
2017-05-02 15:10:26,659 INFO Jon has appeared: 12 time(s)
2017-05-02 15:10:26,659 INFO Arya has appeared: 0 time(s)
2017-05-02 15:10:26,659 INFO Cersei has appeared: 12 time(s)
2017-05-02 15:10:26,659 INFO Jaime has appeared: 7 time(s)
2017-05-02 15:10:26,659 INFO Tyrion has appeared: 2 time(s)
2017-05-02 15:10:26,659 INFO Daenerys has appeared: 5 time(s)
2017-05-02 15:10:26,659 INFO Petyr has appeared: 0 time(s)
2017-05-02 15:10:26,659 INFO Jaqen has appeared: 0 time(s)
2017-05-02 15:10:26,659 INFO Hodor has appeared: 0 time(s)
2017-05-02 15:10:26,675 INFO Visiting episode 8 http://gameofthrones.wikia.com/wiki/The_Pointy_End
2017-05-02 15:10:26,830 INFO Robert has appeared: 3 time(s)
2017-05-02 15:10:26,830 INFO Jon has appeared: 19 time(s)
2017-05-02 15:10:26,830 INFO Arya has appeared: 11 time(s)
2017-05-02 15:10:26,830 INFO Cersei has appeared: 5 time(s)
2017-05-02 15:10:26,830 INFO Jaime has appeared: 3 time(s)
2017-05-02 15:10:26,830 INFO Tyrion has appeared: 6 time(s)
2017-05-02 15:10:26,830 INFO Daenerys has appeared: 1 time(s)
2017-05-02 15:10:26,831 INFO Petyr has appeared: 0 time(s)
2017-05-02 15:10:26,831 INFO Jaqen has appeared: 0 time(s)
2017-05-02 15:10:26,831 INFO Hodor has appeared: 1 time(s)
2017-05-02 15:10:26,846 INFO Visiting episode 9 http://gameofthrones.wikia.com/wiki/Baelor
2017-05-02 15:10:26,938 INFO Robert has appeared: 2 time(s)
2017-05-02 15:10:26,939 INFO Jon has appeared: 17 time(s)
2017-05-02 15:10:26,939 INFO Arya has appeared: 10 time(s)
2017-05-02 15:10:26,939 INFO Cersei has appeared: 2 time(s)
2017-05-02 15:10:26,939 INFO Jaime has appeared: 6 time(s)
2017-05-02 15:10:26,939 INFO Tyrion has appeared: 17 time(s)
2017-05-02 15:10:26,939 INFO Daenerys has appeared: 8 time(s)
2017-05-02 15:10:26,939 INFO Petyr has appeared: 0 time(s)
2017-05-02 15:10:26,939 INFO Jaqen has appeared: 0 time(s)
2017-05-02 15:10:26,940 INFO Hodor has appeared: 0 time(s)
2017-05-02 15:10:26,955 INFO Visiting episode 10 http://gameofthrones.wikia.com/wiki/Fire_and_Blood
2017-05-02 15:10:27,053 INFO Robert has appeared: 6 time(s)
2017-05-02 15:10:27,054 INFO Jon has appeared: 13 time(s)
2017-05-02 15:10:27,054 INFO Arya has appeared: 4 time(s)
2017-05-02 15:10:27,054 INFO Cersei has appeared: 9 time(s)
2017-05-02 15:10:27,054 INFO Jaime has appeared: 9 time(s)
2017-05-02 15:10:27,054 INFO Tyrion has appeared: 11 time(s)
2017-05-02 15:10:27,054 INFO Daenerys has appeared: 13 time(s)
2017-05-02 15:10:27,054 INFO Petyr has appeared: 0 time(s)
2017-05-02 15:10:27,054 INFO Jaqen has appeared: 0 time(s)
2017-05-02 15:10:27,054 INFO Hodor has appeared: 0 time(s)
2017-05-02 15:10:27,070 INFO Visiting episode 11 http://gameofthrones.wikia.com/wiki/The_North_Remembers
2017-05-02 15:10:27,169 INFO Robert has appeared: 3 time(s)
2017-05-02 15:10:27,169 INFO Jon has appeared: 5 time(s)
2017-05-02 15:10:27,170 INFO Arya has appeared: 5 time(s)
2017-05-02 15:10:27,170 INFO Cersei has appeared: 18 time(s)
2017-05-02 15:10:27,170 INFO Jaime has appeared: 16 time(s)
2017-05-02 15:10:27,170 INFO Tyrion has appeared: 15 time(s)
2017-05-02 15:10:27,170 INFO Daenerys has appeared: 3 time(s)
2017-05-02 15:10:27,170 INFO Petyr has appeared: 6 time(s)
2017-05-02 15:10:27,170 INFO Jaqen has appeared: 0 time(s)
2017-05-02 15:10:27,170 INFO Hodor has appeared: 1 time(s)
2017-05-02 15:10:27,188 INFO Visiting episode 12 http://gameofthrones.wikia.com/wiki/The_Night_Lands
2017-05-02 15:10:27,280 INFO Robert has appeared: 0 time(s)
2017-05-02 15:10:27,280 INFO Jon has appeared: 4 time(s)
2017-05-02 15:10:27,280 INFO Arya has appeared: 5 time(s)
2017-05-02 15:10:27,280 INFO Cersei has appeared: 7 time(s)
2017-05-02 15:10:27,280 INFO Jaime has appeared: 3 time(s)
2017-05-02 15:10:27,280 INFO Tyrion has appeared: 18 time(s)
2017-05-02 15:10:27,281 INFO Daenerys has appeared: 3 time(s)
2017-05-02 15:10:27,281 INFO Petyr has appeared: 1 time(s)
2017-05-02 15:10:27,281 INFO Jaqen has appeared: 2 time(s)
2017-05-02 15:10:27,281 INFO Hodor has appeared: 0 time(s)
2017-05-02 15:10:27,296 INFO Visiting episode 13 http://gameofthrones.wikia.com/wiki/What_is_Dead_May_Never_Die
2017-05-02 15:10:27,445 INFO Robert has appeared: 3 time(s)
2017-05-02 15:10:27,445 INFO Jon has appeared: 8 time(s)
2017-05-02 15:10:27,445 INFO Arya has appeared: 4 time(s)
2017-05-02 15:10:27,445 INFO Cersei has appeared: 16 time(s)
2017-05-02 15:10:27,445 INFO Jaime has appeared: 0 time(s)
2017-05-02 15:10:27,445 INFO Tyrion has appeared: 16 time(s)
2017-05-02 15:10:27,445 INFO Daenerys has appeared: 0 time(s)
2017-05-02 15:10:27,446 INFO Petyr has appeared: 1 time(s)
2017-05-02 15:10:27,446 INFO Jaqen has appeared: 1 time(s)
2017-05-02 15:10:27,446 INFO Hodor has appeared: 1 time(s)
2017-05-02 15:10:27,461 INFO Visiting episode 14 http://gameofthrones.wikia.com/wiki/Garden_of_Bones
2017-05-02 15:10:27,555 INFO Robert has appeared: 3 time(s)
2017-05-02 15:10:27,555 INFO Jon has appeared: 0 time(s)
2017-05-02 15:10:27,555 INFO Arya has appeared: 8 time(s)
2017-05-02 15:10:27,555 INFO Cersei has appeared: 11 time(s)
2017-05-02 15:10:27,556 INFO Jaime has appeared: 2 time(s)
2017-05-02 15:10:27,556 INFO Tyrion has appeared: 29 time(s)
2017-05-02 15:10:27,556 INFO Daenerys has appeared: 9 time(s)
2017-05-02 15:10:27,556 INFO Petyr has appeared: 2 time(s)
2017-05-02 15:10:27,556 INFO Jaqen has appeared: 0 time(s)
2017-05-02 15:10:27,556 INFO Hodor has appeared: 0 time(s)
2017-05-02 15:10:27,571 INFO Visiting episode 15 http://gameofthrones.wikia.com/wiki/The_Ghost_of_Harrenhal
2017-05-02 15:10:27,659 INFO Robert has appeared: 0 time(s)
2017-05-02 15:10:27,659 INFO Jon has appeared: 1 time(s)
2017-05-02 15:10:27,659 INFO Arya has appeared: 6 time(s)
2017-05-02 15:10:27,659 INFO Cersei has appeared: 3 time(s)
2017-05-02 15:10:27,659 INFO Jaime has appeared: 0 time(s)
2017-05-02 15:10:27,659 INFO Tyrion has appeared: 8 time(s)
2017-05-02 15:10:27,660 INFO Daenerys has appeared: 4 time(s)
2017-05-02 15:10:27,660 INFO Petyr has appeared: 4 time(s)
2017-05-02 15:10:27,660 INFO Jaqen has appeared: 4 time(s)
2017-05-02 15:10:27,660 INFO Hodor has appeared: 0 time(s)
2017-05-02 15:10:27,675 INFO Visiting episode 16 http://gameofthrones.wikia.com/wiki/The_Old_Gods_and_the_New
2017-05-02 15:10:27,772 INFO Robert has appeared: 0 time(s)
2017-05-02 15:10:27,773 INFO Jon has appeared: 6 time(s)
2017-05-02 15:10:27,773 INFO Arya has appeared: 8 time(s)
2017-05-02 15:10:27,773 INFO Cersei has appeared: 4 time(s)
2017-05-02 15:10:27,773 INFO Jaime has appeared: 2 time(s)
2017-05-02 15:10:27,773 INFO Tyrion has appeared: 16 time(s)
2017-05-02 15:10:27,773 INFO Daenerys has appeared: 3 time(s)
2017-05-02 15:10:27,773 INFO Petyr has appeared: 1 time(s)
2017-05-02 15:10:27,773 INFO Jaqen has appeared: 1 time(s)
2017-05-02 15:10:27,773 INFO Hodor has appeared: 1 time(s)
2017-05-02 15:10:27,789 INFO Visiting episode 17 http://gameofthrones.wikia.com/wiki/A_Man_Without_Honor
2017-05-02 15:10:27,878 INFO Robert has appeared: 1 time(s)
2017-05-02 15:10:27,878 INFO Jon has appeared: 4 time(s)
2017-05-02 15:10:27,878 INFO Arya has appeared: 3 time(s)
2017-05-02 15:10:27,878 INFO Cersei has appeared: 13 time(s)
2017-05-02 15:10:27,878 INFO Jaime has appeared: 20 time(s)
2017-05-02 15:10:27,879 INFO Tyrion has appeared: 5 time(s)
2017-05-02 15:10:27,879 INFO Daenerys has appeared: 5 time(s)
2017-05-02 15:10:27,879 INFO Petyr has appeared: 0 time(s)
2017-05-02 15:10:27,879 INFO Jaqen has appeared: 1 time(s)
2017-05-02 15:10:27,879 INFO Hodor has appeared: 1 time(s)
2017-05-02 15:10:27,894 INFO Visiting episode 18 http://gameofthrones.wikia.com/wiki/The_Prince_of_Winterfell
2017-05-02 15:10:27,979 INFO Robert has appeared: 0 time(s)
2017-05-02 15:10:27,980 INFO Jon has appeared: 4 time(s)
2017-05-02 15:10:27,980 INFO Arya has appeared: 6 time(s)
2017-05-02 15:10:27,980 INFO Cersei has appeared: 3 time(s)
2017-05-02 15:10:27,980 INFO Jaime has appeared: 2 time(s)
2017-05-02 15:10:27,980 INFO Tyrion has appeared: 7 time(s)
2017-05-02 15:10:27,980 INFO Daenerys has appeared: 1 time(s)
2017-05-02 15:10:27,980 INFO Petyr has appeared: 0 time(s)
2017-05-02 15:10:27,980 INFO Jaqen has appeared: 4 time(s)
2017-05-02 15:10:27,980 INFO Hodor has appeared: 0 time(s)
2017-05-02 15:10:27,995 INFO Visiting episode 19 http://gameofthrones.wikia.com/wiki/Blackwater
2017-05-02 15:10:28,147 INFO Robert has appeared: 0 time(s)
2017-05-02 15:10:28,148 INFO Jon has appeared: 0 time(s)
2017-05-02 15:10:28,148 INFO Arya has appeared: 0 time(s)
2017-05-02 15:10:28,148 INFO Cersei has appeared: 9 time(s)
2017-05-02 15:10:28,148 INFO Jaime has appeared: 0 time(s)
2017-05-02 15:10:28,148 INFO Tyrion has appeared: 16 time(s)
2017-05-02 15:10:28,148 INFO Daenerys has appeared: 0 time(s)
2017-05-02 15:10:28,148 INFO Petyr has appeared: 0 time(s)
2017-05-02 15:10:28,148 INFO Jaqen has appeared: 0 time(s)
2017-05-02 15:10:28,148 INFO Hodor has appeared: 0 time(s)
2017-05-02 15:10:28,163 INFO Visiting episode 20 http://gameofthrones.wikia.com/wiki/Valar_Morghulis
2017-05-02 15:10:28,261 INFO Robert has appeared: 0 time(s)
2017-05-02 15:10:28,261 INFO Jon has appeared: 14 time(s)
2017-05-02 15:10:28,261 INFO Arya has appeared: 4 time(s)
2017-05-02 15:10:28,261 INFO Cersei has appeared: 1 time(s)
2017-05-02 15:10:28,262 INFO Jaime has appeared: 6 time(s)
2017-05-02 15:10:28,262 INFO Tyrion has appeared: 5 time(s)
2017-05-02 15:10:28,262 INFO Daenerys has appeared: 7 time(s)
2017-05-02 15:10:28,262 INFO Petyr has appeared: 0 time(s)
2017-05-02 15:10:28,262 INFO Jaqen has appeared: 4 time(s)
2017-05-02 15:10:28,262 INFO Hodor has appeared: 1 time(s)
2017-05-02 15:10:28,278 INFO Visiting episode 21 http://gameofthrones.wikia.com/wiki/Valar_Dohaeris
2017-05-02 15:10:28,371 INFO Robert has appeared: 3 time(s)
2017-05-02 15:10:28,371 INFO Jon has appeared: 15 time(s)
2017-05-02 15:10:28,371 INFO Arya has appeared: 0 time(s)
2017-05-02 15:10:28,372 INFO Cersei has appeared: 7 time(s)
2017-05-02 15:10:28,372 INFO Jaime has appeared: 1 time(s)
2017-05-02 15:10:28,372 INFO Tyrion has appeared: 17 time(s)
2017-05-02 15:10:28,372 INFO Daenerys has appeared: 17 time(s)
2017-05-02 15:10:28,372 INFO Petyr has appeared: 1 time(s)
2017-05-02 15:10:28,372 INFO Jaqen has appeared: 0 time(s)
2017-05-02 15:10:28,372 INFO Hodor has appeared: 0 time(s)
2017-05-02 15:10:28,387 INFO Visiting episode 22 http://gameofthrones.wikia.com/wiki/Dark_Wings,_Dark_Words
2017-05-02 15:10:28,476 INFO Robert has appeared: 2 time(s)
2017-05-02 15:10:28,477 INFO Jon has appeared: 14 time(s)
2017-05-02 15:10:28,477 INFO Arya has appeared: 7 time(s)
2017-05-02 15:10:28,477 INFO Cersei has appeared: 3 time(s)
2017-05-02 15:10:28,477 INFO Jaime has appeared: 18 time(s)
2017-05-02 15:10:28,477 INFO Tyrion has appeared: 6 time(s)
2017-05-02 15:10:28,477 INFO Daenerys has appeared: 0 time(s)
2017-05-02 15:10:28,477 INFO Petyr has appeared: 0 time(s)
2017-05-02 15:10:28,477 INFO Jaqen has appeared: 1 time(s)
2017-05-02 15:10:28,478 INFO Hodor has appeared: 2 time(s)
2017-05-02 15:10:28,492 INFO Visiting episode 23 http://gameofthrones.wikia.com/wiki/Walk_of_Punishment
2017-05-02 15:10:28,594 INFO Robert has appeared: 2 time(s)
2017-05-02 15:10:28,595 INFO Jon has appeared: 6 time(s)
2017-05-02 15:10:28,595 INFO Arya has appeared: 7 time(s)
2017-05-02 15:10:28,595 INFO Cersei has appeared: 3 time(s)
2017-05-02 15:10:28,595 INFO Jaime has appeared: 25 time(s)
2017-05-02 15:10:28,595 INFO Tyrion has appeared: 27 time(s)
2017-05-02 15:10:28,595 INFO Daenerys has appeared: 20 time(s)
2017-05-02 15:10:28,595 INFO Petyr has appeared: 1 time(s)
2017-05-02 15:10:28,595 INFO Jaqen has appeared: 0 time(s)
2017-05-02 15:10:28,596 INFO Hodor has appeared: 0 time(s)
2017-05-02 15:10:28,613 INFO Visiting episode 24 http://gameofthrones.wikia.com/wiki/And_Now_His_Watch_is_Ended
2017-05-02 15:10:28,711 INFO Robert has appeared: 2 time(s)
2017-05-02 15:10:28,711 INFO Jon has appeared: 0 time(s)
2017-05-02 15:10:28,711 INFO Arya has appeared: 2 time(s)
2017-05-02 15:10:28,711 INFO Cersei has appeared: 11 time(s)
2017-05-02 15:10:28,711 INFO Jaime has appeared: 25 time(s)
2017-05-02 15:10:28,711 INFO Tyrion has appeared: 7 time(s)
2017-05-02 15:10:28,711 INFO Daenerys has appeared: 12 time(s)
2017-05-02 15:10:28,711 INFO Petyr has appeared: 0 time(s)
2017-05-02 15:10:28,712 INFO Jaqen has appeared: 0 time(s)
2017-05-02 15:10:28,712 INFO Hodor has appeared: 0 time(s)
2017-05-02 15:10:28,728 INFO Visiting episode 25 http://gameofthrones.wikia.com/wiki/Kissed_by_Fire
2017-05-02 15:10:28,900 INFO Robert has appeared: 11 time(s)
2017-05-02 15:10:28,900 INFO Jon has appeared: 10 time(s)
2017-05-02 15:10:28,900 INFO Arya has appeared: 14 time(s)
2017-05-02 15:10:28,900 INFO Cersei has appeared: 17 time(s)
2017-05-02 15:10:28,901 INFO Jaime has appeared: 22 time(s)
2017-05-02 15:10:28,901 INFO Tyrion has appeared: 14 time(s)
2017-05-02 15:10:28,901 INFO Daenerys has appeared: 13 time(s)
2017-05-02 15:10:28,901 INFO Petyr has appeared: 2 time(s)
2017-05-02 15:10:28,901 INFO Jaqen has appeared: 0 time(s)
2017-05-02 15:10:28,901 INFO Hodor has appeared: 0 time(s)
2017-05-02 15:10:28,918 INFO Visiting episode 26 http://gameofthrones.wikia.com/wiki/The_Climb
2017-05-02 15:10:29,011 INFO Robert has appeared: 0 time(s)
2017-05-02 15:10:29,011 INFO Jon has appeared: 9 time(s)
2017-05-02 15:10:29,011 INFO Arya has appeared: 4 time(s)
2017-05-02 15:10:29,011 INFO Cersei has appeared: 11 time(s)
2017-05-02 15:10:29,011 INFO Jaime has appeared: 9 time(s)
2017-05-02 15:10:29,011 INFO Tyrion has appeared: 8 time(s)
2017-05-02 15:10:29,011 INFO Daenerys has appeared: 0 time(s)
2017-05-02 15:10:29,011 INFO Petyr has appeared: 1 time(s)
2017-05-02 15:10:29,011 INFO Jaqen has appeared: 0 time(s)
2017-05-02 15:10:29,011 INFO Hodor has appeared: 0 time(s)
2017-05-02 15:10:29,026 INFO Visiting episode 27 http://gameofthrones.wikia.com/wiki/The_Bear_and_the_Maiden_Fair_(episode)
2017-05-02 15:10:29,115 INFO Robert has appeared: 2 time(s)
2017-05-02 15:10:29,116 INFO Jon has appeared: 8 time(s)
2017-05-02 15:10:29,116 INFO Arya has appeared: 1 time(s)
2017-05-02 15:10:29,116 INFO Cersei has appeared: 0 time(s)
2017-05-02 15:10:29,116 INFO Jaime has appeared: 26 time(s)
2017-05-02 15:10:29,116 INFO Tyrion has appeared: 8 time(s)
2017-05-02 15:10:29,116 INFO Daenerys has appeared: 12 time(s)
2017-05-02 15:10:29,116 INFO Petyr has appeared: 0 time(s)
2017-05-02 15:10:29,116 INFO Jaqen has appeared: 0 time(s)
2017-05-02 15:10:29,116 INFO Hodor has appeared: 0 time(s)
2017-05-02 15:10:29,132 INFO Visiting episode 28 http://gameofthrones.wikia.com/wiki/Second_Sons_(episode)
2017-05-02 15:10:29,224 INFO Robert has appeared: 0 time(s)
2017-05-02 15:10:29,224 INFO Jon has appeared: 0 time(s)
2017-05-02 15:10:29,224 INFO Arya has appeared: 6 time(s)
2017-05-02 15:10:29,224 INFO Cersei has appeared: 7 time(s)
2017-05-02 15:10:29,224 INFO Jaime has appeared: 0 time(s)
2017-05-02 15:10:29,224 INFO Tyrion has appeared: 35 time(s)
2017-05-02 15:10:29,225 INFO Daenerys has appeared: 12 time(s)
2017-05-02 15:10:29,225 INFO Petyr has appeared: 0 time(s)
2017-05-02 15:10:29,225 INFO Jaqen has appeared: 0 time(s)
2017-05-02 15:10:29,225 INFO Hodor has appeared: 0 time(s)
2017-05-02 15:10:29,240 INFO Visiting episode 29 http://gameofthrones.wikia.com/wiki/The_Rains_of_Castamere_(episode)
2017-05-02 15:10:29,334 INFO Robert has appeared: 0 time(s)
2017-05-02 15:10:29,335 INFO Jon has appeared: 17 time(s)
2017-05-02 15:10:29,335 INFO Arya has appeared: 3 time(s)
2017-05-02 15:10:29,335 INFO Cersei has appeared: 0 time(s)
2017-05-02 15:10:29,335 INFO Jaime has appeared: 0 time(s)
2017-05-02 15:10:29,335 INFO Tyrion has appeared: 0 time(s)
2017-05-02 15:10:29,335 INFO Daenerys has appeared: 4 time(s)
2017-05-02 15:10:29,335 INFO Petyr has appeared: 0 time(s)
2017-05-02 15:10:29,335 INFO Jaqen has appeared: 0 time(s)
2017-05-02 15:10:29,335 INFO Hodor has appeared: 2 time(s)
2017-05-02 15:10:29,352 INFO Visiting episode 30 http://gameofthrones.wikia.com/wiki/Mhysa
2017-05-02 15:10:29,459 INFO Robert has appeared: 1 time(s)
2017-05-02 15:10:29,459 INFO Jon has appeared: 5 time(s)
2017-05-02 15:10:29,459 INFO Arya has appeared: 8 time(s)
2017-05-02 15:10:29,460 INFO Cersei has appeared: 6 time(s)
2017-05-02 15:10:29,460 INFO Jaime has appeared: 3 time(s)
2017-05-02 15:10:29,460 INFO Tyrion has appeared: 32 time(s)
2017-05-02 15:10:29,460 INFO Daenerys has appeared: 9 time(s)
2017-05-02 15:10:29,460 INFO Petyr has appeared: 0 time(s)
2017-05-02 15:10:29,460 INFO Jaqen has appeared: 1 time(s)
2017-05-02 15:10:29,460 INFO Hodor has appeared: 3 time(s)
2017-05-02 15:10:29,477 INFO Visiting episode 31 http://gameofthrones.wikia.com/wiki/Two_Swords
2017-05-02 15:10:29,639 INFO Robert has appeared: 1 time(s)
2017-05-02 15:10:29,639 INFO Jon has appeared: 24 time(s)
2017-05-02 15:10:29,640 INFO Arya has appeared: 18 time(s)
2017-05-02 15:10:29,640 INFO Cersei has appeared: 17 time(s)
2017-05-02 15:10:29,640 INFO Jaime has appeared: 34 time(s)
2017-05-02 15:10:29,640 INFO Tyrion has appeared: 14 time(s)
2017-05-02 15:10:29,640 INFO Daenerys has appeared: 13 time(s)
2017-05-02 15:10:29,640 INFO Petyr has appeared: 1 time(s)
2017-05-02 15:10:29,640 INFO Jaqen has appeared: 0 time(s)
2017-05-02 15:10:29,640 INFO Hodor has appeared: 0 time(s)
2017-05-02 15:10:29,657 INFO Visiting episode 32 http://gameofthrones.wikia.com/wiki/The_Lion_and_the_Rose
2017-05-02 15:10:29,760 INFO Robert has appeared: 0 time(s)
2017-05-02 15:10:29,760 INFO Jon has appeared: 5 time(s)
2017-05-02 15:10:29,760 INFO Arya has appeared: 0 time(s)
2017-05-02 15:10:29,760 INFO Cersei has appeared: 14 time(s)
2017-05-02 15:10:29,760 INFO Jaime has appeared: 9 time(s)
2017-05-02 15:10:29,760 INFO Tyrion has appeared: 41 time(s)
2017-05-02 15:10:29,761 INFO Daenerys has appeared: 0 time(s)
2017-05-02 15:10:29,761 INFO Petyr has appeared: 0 time(s)
2017-05-02 15:10:29,761 INFO Jaqen has appeared: 0 time(s)
2017-05-02 15:10:29,761 INFO Hodor has appeared: 1 time(s)
2017-05-02 15:10:29,778 INFO Visiting episode 33 http://gameofthrones.wikia.com/wiki/Breaker_of_Chains
2017-05-02 15:10:29,872 INFO Robert has appeared: 0 time(s)
2017-05-02 15:10:29,872 INFO Jon has appeared: 2 time(s)
2017-05-02 15:10:29,873 INFO Arya has appeared: 8 time(s)
2017-05-02 15:10:29,873 INFO Cersei has appeared: 10 time(s)
2017-05-02 15:10:29,873 INFO Jaime has appeared: 12 time(s)
2017-05-02 15:10:29,873 INFO Tyrion has appeared: 14 time(s)
2017-05-02 15:10:29,873 INFO Daenerys has appeared: 2 time(s)
2017-05-02 15:10:29,873 INFO Petyr has appeared: 1 time(s)
2017-05-02 15:10:29,873 INFO Jaqen has appeared: 0 time(s)
2017-05-02 15:10:29,873 INFO Hodor has appeared: 0 time(s)
2017-05-02 15:10:29,890 INFO Visiting episode 34 http://gameofthrones.wikia.com/wiki/Oathkeeper
2017-05-02 15:10:29,983 INFO Robert has appeared: 0 time(s)
2017-05-02 15:10:29,983 INFO Jon has appeared: 13 time(s)
2017-05-02 15:10:29,983 INFO Arya has appeared: 0 time(s)
2017-05-02 15:10:29,983 INFO Cersei has appeared: 7 time(s)
2017-05-02 15:10:29,983 INFO Jaime has appeared: 12 time(s)
2017-05-02 15:10:29,983 INFO Tyrion has appeared: 14 time(s)
2017-05-02 15:10:29,983 INFO Daenerys has appeared: 3 time(s)
2017-05-02 15:10:29,984 INFO Petyr has appeared: 1 time(s)
2017-05-02 15:10:29,984 INFO Jaqen has appeared: 0 time(s)
2017-05-02 15:10:29,984 INFO Hodor has appeared: 2 time(s)
2017-05-02 15:10:29,999 INFO Visiting episode 35 http://gameofthrones.wikia.com/wiki/First_of_His_Name
2017-05-02 15:10:30,086 INFO Robert has appeared: 0 time(s)
2017-05-02 15:10:30,086 INFO Jon has appeared: 15 time(s)
2017-05-02 15:10:30,086 INFO Arya has appeared: 2 time(s)
2017-05-02 15:10:30,086 INFO Cersei has appeared: 7 time(s)
2017-05-02 15:10:30,086 INFO Jaime has appeared: 0 time(s)
2017-05-02 15:10:30,086 INFO Tyrion has appeared: 4 time(s)
2017-05-02 15:10:30,086 INFO Daenerys has appeared: 4 time(s)
2017-05-02 15:10:30,087 INFO Petyr has appeared: 11 time(s)
2017-05-02 15:10:30,087 INFO Jaqen has appeared: 0 time(s)
2017-05-02 15:10:30,087 INFO Hodor has appeared: 2 time(s)
2017-05-02 15:10:30,101 INFO Visiting episode 36 http://gameofthrones.wikia.com/wiki/The_Laws_of_Gods_and_Men
2017-05-02 15:10:30,245 INFO Robert has appeared: 0 time(s)
2017-05-02 15:10:30,245 INFO Jon has appeared: 0 time(s)
2017-05-02 15:10:30,245 INFO Arya has appeared: 0 time(s)
2017-05-02 15:10:30,245 INFO Cersei has appeared: 2 time(s)
2017-05-02 15:10:30,246 INFO Jaime has appeared: 5 time(s)
2017-05-02 15:10:30,246 INFO Tyrion has appeared: 27 time(s)
2017-05-02 15:10:30,246 INFO Daenerys has appeared: 5 time(s)
2017-05-02 15:10:30,246 INFO Petyr has appeared: 0 time(s)
2017-05-02 15:10:30,246 INFO Jaqen has appeared: 0 time(s)
2017-05-02 15:10:30,246 INFO Hodor has appeared: 0 time(s)
2017-05-02 15:10:30,261 INFO Visiting episode 37 http://gameofthrones.wikia.com/wiki/Mockingbird
2017-05-02 15:10:30,357 INFO Robert has appeared: 0 time(s)
2017-05-02 15:10:30,357 INFO Jon has appeared: 4 time(s)
2017-05-02 15:10:30,357 INFO Arya has appeared: 9 time(s)
2017-05-02 15:10:30,357 INFO Cersei has appeared: 8 time(s)
2017-05-02 15:10:30,358 INFO Jaime has appeared: 6 time(s)
2017-05-02 15:10:30,358 INFO Tyrion has appeared: 21 time(s)
2017-05-02 15:10:30,358 INFO Daenerys has appeared: 6 time(s)
2017-05-02 15:10:30,358 INFO Petyr has appeared: 6 time(s)
2017-05-02 15:10:30,358 INFO Jaqen has appeared: 0 time(s)
2017-05-02 15:10:30,358 INFO Hodor has appeared: 0 time(s)
2017-05-02 15:10:30,375 INFO Visiting episode 38 http://gameofthrones.wikia.com/wiki/The_Mountain_and_the_Viper
2017-05-02 15:10:30,542 INFO Robert has appeared: 2 time(s)
2017-05-02 15:10:30,542 INFO Jon has appeared: 2 time(s)
2017-05-02 15:10:30,542 INFO Arya has appeared: 2 time(s)
2017-05-02 15:10:30,542 INFO Cersei has appeared: 1 time(s)
2017-05-02 15:10:30,543 INFO Jaime has appeared: 8 time(s)
2017-05-02 15:10:30,543 INFO Tyrion has appeared: 13 time(s)
2017-05-02 15:10:30,543 INFO Daenerys has appeared: 18 time(s)
2017-05-02 15:10:30,543 INFO Petyr has appeared: 1 time(s)
2017-05-02 15:10:30,543 INFO Jaqen has appeared: 0 time(s)
2017-05-02 15:10:30,543 INFO Hodor has appeared: 0 time(s)
2017-05-02 15:10:30,559 INFO Visiting episode 39 http://gameofthrones.wikia.com/wiki/The_Watchers_on_the_Wall
2017-05-02 15:10:30,728 INFO Robert has appeared: 0 time(s)
2017-05-02 15:10:30,728 INFO Jon has appeared: 29 time(s)
2017-05-02 15:10:30,728 INFO Arya has appeared: 0 time(s)
2017-05-02 15:10:30,730 INFO Cersei has appeared: 0 time(s)
2017-05-02 15:10:30,730 INFO Jaime has appeared: 0 time(s)
2017-05-02 15:10:30,730 INFO Tyrion has appeared: 0 time(s)
2017-05-02 15:10:30,730 INFO Daenerys has appeared: 0 time(s)
2017-05-02 15:10:30,730 INFO Petyr has appeared: 0 time(s)
2017-05-02 15:10:30,731 INFO Jaqen has appeared: 0 time(s)
2017-05-02 15:10:30,731 INFO Hodor has appeared: 0 time(s)
2017-05-02 15:10:30,748 INFO Visiting episode 40 http://gameofthrones.wikia.com/wiki/The_Children
2017-05-02 15:10:30,861 INFO Robert has appeared: 0 time(s)
2017-05-02 15:10:30,861 INFO Jon has appeared: 40 time(s)
2017-05-02 15:10:30,861 INFO Arya has appeared: 22 time(s)
2017-05-02 15:10:30,861 INFO Cersei has appeared: 21 time(s)
2017-05-02 15:10:30,861 INFO Jaime has appeared: 11 time(s)
2017-05-02 15:10:30,861 INFO Tyrion has appeared: 49 time(s)
2017-05-02 15:10:30,862 INFO Daenerys has appeared: 15 time(s)
2017-05-02 15:10:30,862 INFO Petyr has appeared: 0 time(s)
2017-05-02 15:10:30,862 INFO Jaqen has appeared: 2 time(s)
2017-05-02 15:10:30,862 INFO Hodor has appeared: 4 time(s)
2017-05-02 15:10:30,881 INFO Visiting episode 41 http://gameofthrones.wikia.com/wiki/The_Wars_to_Come
2017-05-02 15:10:31,000 INFO Robert has appeared: 1 time(s)
2017-05-02 15:10:31,000 INFO Jon has appeared: 9 time(s)
2017-05-02 15:10:31,000 INFO Arya has appeared: 1 time(s)
2017-05-02 15:10:31,000 INFO Cersei has appeared: 23 time(s)
2017-05-02 15:10:31,000 INFO Jaime has appeared: 3 time(s)
2017-05-02 15:10:31,001 INFO Tyrion has appeared: 13 time(s)
2017-05-02 15:10:31,001 INFO Daenerys has appeared: 7 time(s)
2017-05-02 15:10:31,001 INFO Petyr has appeared: 0 time(s)
2017-05-02 15:10:31,001 INFO Jaqen has appeared: 0 time(s)
2017-05-02 15:10:31,001 INFO Hodor has appeared: 0 time(s)
2017-05-02 15:10:31,021 INFO Visiting episode 42 http://gameofthrones.wikia.com/wiki/The_House_of_Black_and_White
2017-05-02 15:10:31,195 INFO Robert has appeared: 0 time(s)
2017-05-02 15:10:31,195 INFO Jon has appeared: 14 time(s)
2017-05-02 15:10:31,195 INFO Arya has appeared: 2 time(s)
2017-05-02 15:10:31,195 INFO Cersei has appeared: 17 time(s)
2017-05-02 15:10:31,196 INFO Jaime has appeared: 9 time(s)
2017-05-02 15:10:31,196 INFO Tyrion has appeared: 7 time(s)
2017-05-02 15:10:31,196 INFO Daenerys has appeared: 8 time(s)
2017-05-02 15:10:31,196 INFO Petyr has appeared: 1 time(s)
2017-05-02 15:10:31,196 INFO Jaqen has appeared: 2 time(s)
2017-05-02 15:10:31,196 INFO Hodor has appeared: 0 time(s)
2017-05-02 15:10:31,214 INFO Visiting episode 43 http://gameofthrones.wikia.com/wiki/High_Sparrow_(episode)
2017-05-02 15:10:31,319 INFO Robert has appeared: 1 time(s)
2017-05-02 15:10:31,320 INFO Jon has appeared: 19 time(s)
2017-05-02 15:10:31,320 INFO Arya has appeared: 2 time(s)
2017-05-02 15:10:31,320 INFO Cersei has appeared: 6 time(s)
2017-05-02 15:10:31,320 INFO Jaime has appeared: 1 time(s)
2017-05-02 15:10:31,320 INFO Tyrion has appeared: 11 time(s)
2017-05-02 15:10:31,320 INFO Daenerys has appeared: 1 time(s)
2017-05-02 15:10:31,320 INFO Petyr has appeared: 1 time(s)
2017-05-02 15:10:31,320 INFO Jaqen has appeared: 0 time(s)
2017-05-02 15:10:31,320 INFO Hodor has appeared: 0 time(s)
2017-05-02 15:10:31,338 INFO Visiting episode 44 http://gameofthrones.wikia.com/wiki/Sons_of_the_Harpy_(episode)
2017-05-02 15:10:31,520 INFO Robert has appeared: 4 time(s)
2017-05-02 15:10:31,520 INFO Jon has appeared: 11 time(s)
2017-05-02 15:10:31,520 INFO Arya has appeared: 0 time(s)
2017-05-02 15:10:31,520 INFO Cersei has appeared: 15 time(s)
2017-05-02 15:10:31,521 INFO Jaime has appeared: 24 time(s)
2017-05-02 15:10:31,521 INFO Tyrion has appeared: 13 time(s)
2017-05-02 15:10:31,521 INFO Daenerys has appeared: 11 time(s)
2017-05-02 15:10:31,521 INFO Petyr has appeared: 1 time(s)
2017-05-02 15:10:31,521 INFO Jaqen has appeared: 0 time(s)
2017-05-02 15:10:31,521 INFO Hodor has appeared: 0 time(s)
2017-05-02 15:10:31,540 INFO Visiting episode 45 http://gameofthrones.wikia.com/wiki/Kill_the_Boy
2017-05-02 15:10:31,646 INFO Robert has appeared: 1 time(s)
2017-05-02 15:10:31,646 INFO Jon has appeared: 9 time(s)
2017-05-02 15:10:31,646 INFO Arya has appeared: 0 time(s)
2017-05-02 15:10:31,646 INFO Cersei has appeared: 0 time(s)
2017-05-02 15:10:31,646 INFO Jaime has appeared: 1 time(s)
2017-05-02 15:10:31,647 INFO Tyrion has appeared: 16 time(s)
2017-05-02 15:10:31,647 INFO Daenerys has appeared: 8 time(s)
2017-05-02 15:10:31,647 INFO Petyr has appeared: 0 time(s)
2017-05-02 15:10:31,647 INFO Jaqen has appeared: 0 time(s)
2017-05-02 15:10:31,647 INFO Hodor has appeared: 0 time(s)
2017-05-02 15:10:31,664 INFO Visiting episode 46 http://gameofthrones.wikia.com/wiki/Unbowed,_Unbent,_Unbroken
2017-05-02 15:10:31,841 INFO Robert has appeared: 1 time(s)
2017-05-02 15:10:31,841 INFO Jon has appeared: 0 time(s)
2017-05-02 15:10:31,841 INFO Arya has appeared: 28 time(s)
2017-05-02 15:10:31,842 INFO Cersei has appeared: 17 time(s)
2017-05-02 15:10:31,842 INFO Jaime has appeared: 7 time(s)
2017-05-02 15:10:31,842 INFO Tyrion has appeared: 15 time(s)
2017-05-02 15:10:31,842 INFO Daenerys has appeared: 4 time(s)
2017-05-02 15:10:31,842 INFO Petyr has appeared: 4 time(s)
2017-05-02 15:10:31,842 INFO Jaqen has appeared: 3 time(s)
2017-05-02 15:10:31,842 INFO Hodor has appeared: 0 time(s)
2017-05-02 15:10:31,861 INFO Visiting episode 47 http://gameofthrones.wikia.com/wiki/The_Gift_(episode)
2017-05-02 15:10:31,962 INFO Robert has appeared: 0 time(s)
2017-05-02 15:10:31,962 INFO Jon has appeared: 5 time(s)
2017-05-02 15:10:31,962 INFO Arya has appeared: 0 time(s)
2017-05-02 15:10:31,963 INFO Cersei has appeared: 18 time(s)
2017-05-02 15:10:31,963 INFO Jaime has appeared: 5 time(s)
2017-05-02 15:10:31,963 INFO Tyrion has appeared: 2 time(s)
2017-05-02 15:10:31,963 INFO Daenerys has appeared: 2 time(s)
2017-05-02 15:10:31,963 INFO Petyr has appeared: 1 time(s)
2017-05-02 15:10:31,963 INFO Jaqen has appeared: 0 time(s)
2017-05-02 15:10:31,963 INFO Hodor has appeared: 0 time(s)
2017-05-02 15:10:31,981 INFO Visiting episode 48 http://gameofthrones.wikia.com/wiki/Hardhome_(episode)
2017-05-02 15:10:32,087 INFO Robert has appeared: 2 time(s)
2017-05-02 15:10:32,087 INFO Jon has appeared: 16 time(s)
2017-05-02 15:10:32,087 INFO Arya has appeared: 3 time(s)
2017-05-02 15:10:32,087 INFO Cersei has appeared: 4 time(s)
2017-05-02 15:10:32,087 INFO Jaime has appeared: 0 time(s)
2017-05-02 15:10:32,087 INFO Tyrion has appeared: 26 time(s)
2017-05-02 15:10:32,088 INFO Daenerys has appeared: 23 time(s)
2017-05-02 15:10:32,088 INFO Petyr has appeared: 0 time(s)
2017-05-02 15:10:32,088 INFO Jaqen has appeared: 3 time(s)
2017-05-02 15:10:32,088 INFO Hodor has appeared: 0 time(s)
2017-05-02 15:10:32,105 INFO Visiting episode 49 http://gameofthrones.wikia.com/wiki/The_Dance_of_Dragons
2017-05-02 15:10:32,210 INFO Robert has appeared: 0 time(s)
2017-05-02 15:10:32,210 INFO Jon has appeared: 10 time(s)
2017-05-02 15:10:32,210 INFO Arya has appeared: 14 time(s)
2017-05-02 15:10:32,210 INFO Cersei has appeared: 2 time(s)
2017-05-02 15:10:32,210 INFO Jaime has appeared: 26 time(s)
2017-05-02 15:10:32,210 INFO Tyrion has appeared: 3 time(s)
2017-05-02 15:10:32,210 INFO Daenerys has appeared: 7 time(s)
2017-05-02 15:10:32,211 INFO Petyr has appeared: 0 time(s)
2017-05-02 15:10:32,211 INFO Jaqen has appeared: 3 time(s)
2017-05-02 15:10:32,211 INFO Hodor has appeared: 0 time(s)
2017-05-02 15:10:32,228 INFO Visiting episode 50 http://gameofthrones.wikia.com/wiki/Mother%27s_Mercy
2017-05-02 15:10:32,417 INFO Robert has appeared: 0 time(s)
2017-05-02 15:10:32,417 INFO Jon has appeared: 45 time(s)
2017-05-02 15:10:32,418 INFO Arya has appeared: 8 time(s)
2017-05-02 15:10:32,418 INFO Cersei has appeared: 7 time(s)
2017-05-02 15:10:32,418 INFO Jaime has appeared: 3 time(s)
2017-05-02 15:10:32,418 INFO Tyrion has appeared: 8 time(s)
2017-05-02 15:10:32,418 INFO Daenerys has appeared: 4 time(s)
2017-05-02 15:10:32,418 INFO Petyr has appeared: 0 time(s)
2017-05-02 15:10:32,418 INFO Jaqen has appeared: 6 time(s)
2017-05-02 15:10:32,418 INFO Hodor has appeared: 0 time(s)
2017-05-02 15:10:32,437 INFO Visiting episode 51 http://gameofthrones.wikia.com/wiki/The_Red_Woman
2017-05-02 15:10:32,604 INFO Robert has appeared: 0 time(s)
2017-05-02 15:10:32,605 INFO Jon has appeared: 13 time(s)
2017-05-02 15:10:32,605 INFO Arya has appeared: 6 time(s)
2017-05-02 15:10:32,605 INFO Cersei has appeared: 3 time(s)
2017-05-02 15:10:32,605 INFO Jaime has appeared: 3 time(s)
2017-05-02 15:10:32,605 INFO Tyrion has appeared: 9 time(s)
2017-05-02 15:10:32,605 INFO Daenerys has appeared: 15 time(s)
2017-05-02 15:10:32,605 INFO Petyr has appeared: 0 time(s)
2017-05-02 15:10:32,605 INFO Jaqen has appeared: 0 time(s)
2017-05-02 15:10:32,605 INFO Hodor has appeared: 0 time(s)
2017-05-02 15:10:32,623 INFO Visiting episode 52 http://gameofthrones.wikia.com/wiki/Home
2017-05-02 15:10:32,738 INFO Robert has appeared: 0 time(s)
2017-05-02 15:10:32,738 INFO Jon has appeared: 8 time(s)
2017-05-02 15:10:32,738 INFO Arya has appeared: 7 time(s)
2017-05-02 15:10:32,738 INFO Cersei has appeared: 8 time(s)
2017-05-02 15:10:32,738 INFO Jaime has appeared: 10 time(s)
2017-05-02 15:10:32,739 INFO Tyrion has appeared: 14 time(s)
2017-05-02 15:10:32,739 INFO Daenerys has appeared: 1 time(s)
2017-05-02 15:10:32,739 INFO Petyr has appeared: 0 time(s)
2017-05-02 15:10:32,739 INFO Jaqen has appeared: 1 time(s)
2017-05-02 15:10:32,739 INFO Hodor has appeared: 1 time(s)
2017-05-02 15:10:32,759 INFO Visiting episode 53 http://gameofthrones.wikia.com/wiki/Oathbreaker
2017-05-02 15:10:32,872 INFO Robert has appeared: 1 time(s)
2017-05-02 15:10:32,872 INFO Jon has appeared: 38 time(s)
2017-05-02 15:10:32,872 INFO Arya has appeared: 15 time(s)
2017-05-02 15:10:32,872 INFO Cersei has appeared: 10 time(s)
2017-05-02 15:10:32,872 INFO Jaime has appeared: 4 time(s)
2017-05-02 15:10:32,872 INFO Tyrion has appeared: 4 time(s)
2017-05-02 15:10:32,872 INFO Daenerys has appeared: 7 time(s)
2017-05-02 15:10:32,872 INFO Petyr has appeared: 0 time(s)
2017-05-02 15:10:32,872 INFO Jaqen has appeared: 5 time(s)
2017-05-02 15:10:32,872 INFO Hodor has appeared: 0 time(s)
2017-05-02 15:10:32,891 INFO Visiting episode 54 http://gameofthrones.wikia.com/wiki/Book_of_the_Stranger
2017-05-02 15:10:33,084 INFO Robert has appeared: 0 time(s)
2017-05-02 15:10:33,084 INFO Jon has appeared: 32 time(s)
2017-05-02 15:10:33,084 INFO Arya has appeared: 1 time(s)
2017-05-02 15:10:33,084 INFO Cersei has appeared: 7 time(s)
2017-05-02 15:10:33,085 INFO Jaime has appeared: 4 time(s)
2017-05-02 15:10:33,085 INFO Tyrion has appeared: 14 time(s)
2017-05-02 15:10:33,085 INFO Daenerys has appeared: 14 time(s)
2017-05-02 15:10:33,085 INFO Petyr has appeared: 4 time(s)
2017-05-02 15:10:33,085 INFO Jaqen has appeared: 0 time(s)
2017-05-02 15:10:33,085 INFO Hodor has appeared: 0 time(s)
2017-05-02 15:10:33,104 INFO Visiting episode 55 http://gameofthrones.wikia.com/wiki/The_Door
2017-05-02 15:10:33,240 INFO Robert has appeared: 0 time(s)
2017-05-02 15:10:33,240 INFO Jon has appeared: 6 time(s)
2017-05-02 15:10:33,240 INFO Arya has appeared: 8 time(s)
2017-05-02 15:10:33,240 INFO Cersei has appeared: 1 time(s)
2017-05-02 15:10:33,240 INFO Jaime has appeared: 0 time(s)
2017-05-02 15:10:33,240 INFO Tyrion has appeared: 7 time(s)
2017-05-02 15:10:33,241 INFO Daenerys has appeared: 9 time(s)
2017-05-02 15:10:33,241 INFO Petyr has appeared: 1 time(s)
2017-05-02 15:10:33,241 INFO Jaqen has appeared: 4 time(s)
2017-05-02 15:10:33,241 INFO Hodor has appeared: 18 time(s)
2017-05-02 15:10:33,261 INFO Visiting episode 56 http://gameofthrones.wikia.com/wiki/Blood_of_My_Blood
2017-05-02 15:10:33,450 INFO Robert has appeared: 0 time(s)
2017-05-02 15:10:33,450 INFO Jon has appeared: 1 time(s)
2017-05-02 15:10:33,450 INFO Arya has appeared: 15 time(s)
2017-05-02 15:10:33,450 INFO Cersei has appeared: 7 time(s)
2017-05-02 15:10:33,450 INFO Jaime has appeared: 16 time(s)
2017-05-02 15:10:33,450 INFO Tyrion has appeared: 1 time(s)
2017-05-02 15:10:33,451 INFO Daenerys has appeared: 6 time(s)
2017-05-02 15:10:33,451 INFO Petyr has appeared: 0 time(s)
2017-05-02 15:10:33,451 INFO Jaqen has appeared: 2 time(s)
2017-05-02 15:10:33,451 INFO Hodor has appeared: 0 time(s)
2017-05-02 15:10:33,471 INFO Visiting episode 57 http://gameofthrones.wikia.com/wiki/The_Broken_Man
2017-05-02 15:10:33,582 INFO Robert has appeared: 0 time(s)
2017-05-02 15:10:33,583 INFO Jon has appeared: 11 time(s)
2017-05-02 15:10:33,583 INFO Arya has appeared: 5 time(s)
2017-05-02 15:10:33,583 INFO Cersei has appeared: 6 time(s)
2017-05-02 15:10:33,583 INFO Jaime has appeared: 7 time(s)
2017-05-02 15:10:33,583 INFO Tyrion has appeared: 0 time(s)
2017-05-02 15:10:33,583 INFO Daenerys has appeared: 1 time(s)
2017-05-02 15:10:33,583 INFO Petyr has appeared: 1 time(s)
2017-05-02 15:10:33,583 INFO Jaqen has appeared: 0 time(s)
2017-05-02 15:10:33,583 INFO Hodor has appeared: 0 time(s)
2017-05-02 15:10:33,601 INFO Visiting episode 58 http://gameofthrones.wikia.com/wiki/No_One
2017-05-02 15:10:33,706 INFO Robert has appeared: 0 time(s)
2017-05-02 15:10:33,707 INFO Jon has appeared: 0 time(s)
2017-05-02 15:10:33,707 INFO Arya has appeared: 26 time(s)
2017-05-02 15:10:33,707 INFO Cersei has appeared: 22 time(s)
2017-05-02 15:10:33,707 INFO Jaime has appeared: 25 time(s)
2017-05-02 15:10:33,707 INFO Tyrion has appeared: 12 time(s)
2017-05-02 15:10:33,707 INFO Daenerys has appeared: 3 time(s)
2017-05-02 15:10:33,707 INFO Petyr has appeared: 0 time(s)
2017-05-02 15:10:33,707 INFO Jaqen has appeared: 3 time(s)
2017-05-02 15:10:33,707 INFO Hodor has appeared: 0 time(s)
2017-05-02 15:10:33,725 INFO Visiting episode 59 http://gameofthrones.wikia.com/wiki/Battle_of_the_Bastards_(episode)
2017-05-02 15:10:33,838 INFO Robert has appeared: 0 time(s)
2017-05-02 15:10:33,838 INFO Jon has appeared: 28 time(s)
2017-05-02 15:10:33,838 INFO Arya has appeared: 0 time(s)
2017-05-02 15:10:33,839 INFO Cersei has appeared: 0 time(s)
2017-05-02 15:10:33,839 INFO Jaime has appeared: 0 time(s)
2017-05-02 15:10:33,839 INFO Tyrion has appeared: 3 time(s)
2017-05-02 15:10:33,839 INFO Daenerys has appeared: 3 time(s)
2017-05-02 15:10:33,839 INFO Petyr has appeared: 0 time(s)
2017-05-02 15:10:33,839 INFO Jaqen has appeared: 0 time(s)
2017-05-02 15:10:33,839 INFO Hodor has appeared: 0 time(s)
2017-05-02 15:10:33,858 INFO Visiting episode 60 http://gameofthrones.wikia.com/wiki/The_Winds_of_Winter
2017-05-02 15:10:34,008 INFO Robert has appeared: 1 time(s)
2017-05-02 15:10:34,008 INFO Jon has appeared: 23 time(s)
2017-05-02 15:10:34,008 INFO Arya has appeared: 4 time(s)
2017-05-02 15:10:34,008 INFO Cersei has appeared: 19 time(s)
2017-05-02 15:10:34,008 INFO Jaime has appeared: 7 time(s)
2017-05-02 15:10:34,008 INFO Tyrion has appeared: 9 time(s)
2017-05-02 15:10:34,008 INFO Daenerys has appeared: 7 time(s)
2017-05-02 15:10:34,008 INFO Petyr has appeared: 1 time(s)
2017-05-02 15:10:34,008 INFO Jaqen has appeared: 0 time(s)
2017-05-02 15:10:34,009 INFO Hodor has appeared: 0 time(s)
